<?xml version="1.0" encoding="UTF-8"?>
<!-- Generated by org.testng.reporters.JUnitXMLReporter -->
<testsuite ignored="6" hostname="DESKTOP-7QD66SA" failures="1" tests="1" name="Selenium_Automation_On_BookSwagon_Application" time="78.726" errors="0" timestamp="2023-03-27T11:59:58 IST">
  <testcase classname="com.bridgelabz.test.BooksWagonTest" name="InBooksWagonOrderBook" time="28.906">
    <failure type="org.openqa.selenium.ElementNotInteractableException" message="element not interactable
  (Session info: chrome=111.0.5563.111)
Build info: version: &amp;apos;4.8.0&amp;apos;, revision: &amp;apos;267030adea&amp;apos;
System info: os.name: &amp;apos;Windows 10&amp;apos;, os.arch: &amp;apos;amd64&amp;apos;, os.version: &amp;apos;10.0&amp;apos;, java.version: &amp;apos;17.0.5&amp;apos;
Driver info: org.openqa.selenium.chrome.ChromeDriver
Command: [2965487b6cfa97558ddd98282eddf9e2, sendKeysToElement {id=680e3f16-c3a8-4c4c-93d4-e357c3cd574b, value=[Ljava.lang.CharSequence;@7b122839}]
Capabilities {acceptInsecureCerts: false, browserName: chrome, browserVersion: 111.0.5563.111, chrome: {chromedriverVersion: 111.0.5563.64 (c710e93d5b63..., userDataDir: C:\Users\CHETAN~1\AppData\L...}, goog:chromeOptions: {debuggerAddress: localhost:55049}, networkConnectionEnabled: false, pageLoadStrategy: normal, platformName: WINDOWS, proxy: Proxy(), se:cdp: ws://localhost:55049/devtoo..., se:cdpVersion: 111.0.5563.111, setWindowRect: true, strictFileInteractability: false, timeouts: {implicit: 0, pageLoad: 300000, script: 30000}, unhandledPromptBehavior: dismiss and notify, webauthn:extension:credBlob: true, webauthn:extension:largeBlob: true, webauthn:extension:minPinLength: true, webauthn:extension:prf: true, webauthn:virtualAuthenticators: true}
Element: [[ChromeDriver: chrome on WINDOWS (2965487b6cfa97558ddd98282eddf9e2)] -&amp;gt; name: ctl00$cpBody$ddlNewState]
Session ID: 2965487b6cfa97558ddd98282eddf9e2">
      <![CDATA[org.openqa.selenium.ElementNotInteractableException: element not interactable
  (Session info: chrome=111.0.5563.111)
Build info: version: '4.8.0', revision: '267030adea'
System info: os.name: 'Windows 10', os.arch: 'amd64', os.version: '10.0', java.version: '17.0.5'
Driver info: org.openqa.selenium.chrome.ChromeDriver
Command: [2965487b6cfa97558ddd98282eddf9e2, sendKeysToElement {id=680e3f16-c3a8-4c4c-93d4-e357c3cd574b, value=[Ljava.lang.CharSequence;@7b122839}]
Capabilities {acceptInsecureCerts: false, browserName: chrome, browserVersion: 111.0.5563.111, chrome: {chromedriverVersion: 111.0.5563.64 (c710e93d5b63..., userDataDir: C:\Users\CHETAN~1\AppData\L...}, goog:chromeOptions: {debuggerAddress: localhost:55049}, networkConnectionEnabled: false, pageLoadStrategy: normal, platformName: WINDOWS, proxy: Proxy(), se:cdp: ws://localhost:55049/devtoo..., se:cdpVersion: 111.0.5563.111, setWindowRect: true, strictFileInteractability: false, timeouts: {implicit: 0, pageLoad: 300000, script: 30000}, unhandledPromptBehavior: dismiss and notify, webauthn:extension:credBlob: true, webauthn:extension:largeBlob: true, webauthn:extension:minPinLength: true, webauthn:extension:prf: true, webauthn:virtualAuthenticators: true}
Element: [[ChromeDriver: chrome on WINDOWS (2965487b6cfa97558ddd98282eddf9e2)] -> name: ctl00$cpBody$ddlNewState]
Session ID: 2965487b6cfa97558ddd98282eddf9e2
at org.openqa.selenium.remote.codec.w3c.W3CHttpResponseCodec.createException(W3CHttpResponseCodec.java:200)
at org.openqa.selenium.remote.codec.w3c.W3CHttpResponseCodec.decode(W3CHttpResponseCodec.java:133)
at org.openqa.selenium.remote.codec.w3c.W3CHttpResponseCodec.decode(W3CHttpResponseCodec.java:53)
at org.openqa.selenium.remote.HttpCommandExecutor.execute(HttpCommandExecutor.java:184)
at org.openqa.selenium.remote.service.DriverCommandExecutor.invokeExecute(DriverCommandExecutor.java:167)
at org.openqa.selenium.remote.service.DriverCommandExecutor.execute(DriverCommandExecutor.java:142)
at org.openqa.selenium.remote.RemoteWebDriver.execute(RemoteWebDriver.java:543)
at org.openqa.selenium.remote.RemoteWebElement.execute(RemoteWebElement.java:257)
at org.openqa.selenium.remote.RemoteWebElement.sendKeys(RemoteWebElement.java:113)
at org.openqa.selenium.support.pagefactory.internal.LocatingElementHandler.invoke(LocatingElementHandler.java:52)
at jdk.proxy2/jdk.proxy2.$Proxy18.sendKeys(Unknown Source)
at com.bridgelabz.pages.PlaceOrderInBooksWagon.orderBook(PlaceOrderInBooksWagon.java:65)
at com.bridgelabz.test.BooksWagonTest.InBooksWagonOrderBook(BooksWagonTest.java:87)
at java.base/java.util.ArrayList.forEach(ArrayList.java:1511)
at com.intellij.rt.testng.IDEARemoteTestNG.run(IDEARemoteTestNG.java:66)
at com.intellij.rt.testng.RemoteTestNGStarter.main(RemoteTestNGStarter.java:109)
... Removed 33 stack frames]]>
    </failure>
  </testcase> <!-- InBooksWagonOrderBook -->
  <testcase classname="com.bridgelabz.test.BooksWagonTest" name="redirectOnToTheSignUp" time="0.0">
    <ignored/>
  </testcase> <!-- redirectOnToTheSignUp -->
  <testcase classname="com.bridgelabz.test.BooksWagonTest" name="addBookInToTheWishlist" time="0.0">
    <ignored/>
  </testcase> <!-- addBookInToTheWishlist -->
  <testcase classname="com.bridgelabz.test.BooksWagonTest" name="performLogOutOperation" time="0.0">
    <ignored/>
  </testcase> <!-- performLogOutOperation -->
  <testcase classname="com.bridgelabz.test.BooksWagonTest" name="loginToBookSWagon" time="0.0">
    <ignored/>
  </testcase> <!-- loginToBookSWagon -->
  <testcase classname="com.bridgelabz.test.BooksWagonTest" name="insertTheDataIntoTheRegistrationForm" time="0.0">
    <ignored/>
  </testcase> <!-- insertTheDataIntoTheRegistrationForm -->
  <testcase classname="com.bridgelabz.test.BooksWagonTest" name="searchBookInBooksWagon" time="0.0">
    <ignored/>
  </testcase> <!-- searchBookInBooksWagon -->
</testsuite> <!-- Selenium_Automation_On_BookSwagon_Application -->
